Arguments: 
  /opt/homebrew/Cellar/node/15.7.0/bin/node /opt/homebrew/bin/yarn

PATH: 
  /opt/homebrew/bin:/opt/homebrew/sbin:/usr/local/bin:/usr/bin:/bin:/usr/sbin:/sbin:/usr/local/go/bin:/Library/Apple/usr/bin:/Users/shadman/.cargo/bin

Yarn version: 
  1.22.10

Node version: 
  15.7.0

Platform: 
  darwin arm64

Trace: 
  Error: ENOSPC: no space left on device, copyfile '/Users/shadman/Library/Caches/Yarn/v6/npm-@types-node-12.20.55-c329cbd434c42164f846b909bd6f85b5537f6240-integrity/node_modules/@types/node/querystring.d.ts' -> '/Users/shadman/Desktop/soulbound-beacon/ztap/node_modules/jayson/node_modules/@types/node/querystring.d.ts'

npm manifest: 
  {
    "name": "ztap",
    "license": "UNLICENSED",
    "scripts": {
      "codegen": "graph codegen",
      "build": "graph build",
      "deploy": "graph deploy --node https://api.thegraph.com/deploy/ shadmoney/ztap",
      "create-local": "graph create --node http://localhost:8020/ shadmoney/ztap",
      "remove-local": "graph remove --node http://localhost:8020/ shadmoney/ztap",
      "deploy-local": "graph deploy --node http://localhost:8020/ --ipfs http://localhost:5001 shadmoney/ztap",
      "test": "graph test"
    },
    "dependencies": {
      "@graphprotocol/graph-cli": "0.35.0",
      "@graphprotocol/graph-ts": "0.28.1"
    },
    "devDependencies": { "matchstick-as": "0.5.0" }
  }

yarn manifest: 
  No manifest

Lockfile: 
  No lockfile
